#
# There is insufficient memory for the Java Runtime Environment to continue.
# Cannot create GC thread. Out of system resources.
# Possible reasons:
#   The system is out of physical RAM or swap space
#   The process is running with CompressedOops enabled, and the Java Heap may be blocking the growth of the native heap
# Possible solutions:
#   Reduce memory load on the system
#   Increase physical memory or swap space
#   Check if swap backing store is full
#   Decrease Java heap size (-Xmx/-Xms)
#   Decrease number of Java threads
#   Decrease Java thread stack sizes (-Xss)
#   Set larger code cache with -XX:ReservedCodeCacheSize=
# This output file may be truncated or incomplete.
#
#  Out of Memory Error (gcTaskThread.cpp:48), pid=26271, tid=0x00007f2f7512c700
#
# JRE version:  (8.0_382-b05) (build )
# Java VM: OpenJDK 64-Bit Server VM (25.382-b05 mixed mode linux-amd64 compressed oops)
# Failed to write core dump. Core dumps have been disabled. To enable core dumping, try "ulimit -c unlimited" before starting Java again
#

---------------  T H R E A D  ---------------

Current thread (0x00007f2f6c04d000):  JavaThread "Unknown thread" [_thread_in_vm, id=26277, stack(0x00007f2f7502d000,0x00007f2f7512d000)]

Stack: [0x00007f2f7502d000,0x00007f2f7512d000],  sp=0x00007f2f7512b7d0,  free space=1017k
Native frames: (J=compiled Java code, j=interpreted, Vv=VM code, C=native code)
V  [libjvm.so+0xb69b7d]  VMError::report_and_die()+0x1cd
V  [libjvm.so+0x50d64a]  report_vm_out_of_memory(char const*, int, unsigned long, VMErrorType, char const*)+0xaa
V  [libjvm.so+0x5e57bf]  GCTaskThread::GCTaskThread(GCTaskManager*, unsigned int, unsigned int)+0x16f
V  [libjvm.so+0x5e4f47]  GCTaskManager::initialize()+0x397
V  [libjvm.so+0x96cea4]  ParallelScavengeHeap::initialize()+0x394
V  [libjvm.so+0xb329d9]  Universe::initialize_heap()+0x159
V  [libjvm.so+0xb32c82]  universe_init()+0x42
V  [libjvm.so+0x649c1f]  init_globals()+0x6f
V  [libjvm.so+0xb1501f]  Threads::create_vm(JavaVMInitArgs*, bool*)+0x29f
V  [libjvm.so+0x71caad]  JNI_CreateJavaVM+0x5d
C  [libjli.so+0x3043]  JavaMain+0xa3
C  [libpthread.so.0+0x7ea5]  start_thread+0xc5


---------------  P R O C E S S  ---------------

Java Threads: ( => current thread )

Other Threads:

=>0x00007f2f6c04d000 (exited) JavaThread "Unknown thread" [_thread_in_vm, id=26277, stack(0x00007f2f7502d000,0x00007f2f7512d000)]

VM state:not at safepoint (not fully initialized)

VM Mutex/Monitor currently owned by a thread: None

heap address: 0x00000003d5800000, size: 16040 MB, Compressed Oops mode: Non-zero based:0x00000003d57ff000, Oop shift amount: 3
Narrow klass base: 0x0000000000000000, Narrow klass shift: 0

GC Heap History (0 events):
No events

Deoptimization events (0 events):
No events

Classes redefined (0 events):
No events

Internal exceptions (0 events):
No events

Events (0 events):
No events


Dynamic libraries:
3d5800000-3ff580000 rw-p 00000000 00:00 0 
3ff580000-671d80000 ---p 00000000 00:00 0 
671d80000-686c00000 rw-p 00000000 00:00 0 
686c00000-7c0000000 ---p 00000000 00:00 0 
561502451000-561502452000 r-xp 00000000 103:03 136249608                 /usr/lib/jvm/java-1.8.0-openjdk-1.8.0.382.b05-1.el7_9.x86_64/bin/java
561502651000-561502652000 r--p 00000000 103:03 136249608                 /usr/lib/jvm/java-1.8.0-openjdk-1.8.0.382.b05-1.el7_9.x86_64/bin/java
561502652000-561502653000 rw-p 00001000 103:03 136249608                 /usr/lib/jvm/java-1.8.0-openjdk-1.8.0.382.b05-1.el7_9.x86_64/bin/java
5615038b0000-5615038d1000 rw-p 00000000 00:00 0                          [heap]
7f2f5a6e5000-7f2f5a9a4000 rw-p 00000000 00:00 0 
7f2f5a9a4000-7f2f5a9a5000 ---p 00000000 00:00 0 
7f2f5a9a5000-7f2f5aaa5000 rw-p 00000000 00:00 0 
7f2f5aaa5000-7f2f5aaa6000 ---p 00000000 00:00 0 
7f2f5aaa6000-7f2f5aba6000 rw-p 00000000 00:00 0 
7f2f5aba6000-7f2f5aba7000 ---p 00000000 00:00 0 
7f2f5aba7000-7f2f5aca7000 rw-p 00000000 00:00 0 
7f2f5aca7000-7f2f5aca8000 ---p 00000000 00:00 0 
7f2f5aca8000-7f2f5ada8000 rw-p 00000000 00:00 0 
7f2f5ada8000-7f2f5ada9000 ---p 00000000 00:00 0 
7f2f5ada9000-7f2f5aea9000 rw-p 00000000 00:00 0 
7f2f5aea9000-7f2f5aeaa000 ---p 00000000 00:00 0 
7f2f5aeaa000-7f2f5afaa000 rw-p 00000000 00:00 0 
7f2f5afaa000-7f2f5afab000 ---p 00000000 00:00 0 
7f2f5afab000-7f2f5b1fa000 rw-p 00000000 00:00 0 
7f2f5b1fa000-7f2f5c58d000 ---p 00000000 00:00 0 
7f2f5c58d000-7f2f5c635000 rw-p 00000000 00:00 0 
7f2f5c635000-7f2f5cfff000 ---p 00000000 00:00 0 
7f2f5cfff000-7f2f5d000000 rw-p 00000000 00:00 0 
7f2f5d000000-7f2f5d270000 rwxp 00000000 00:00 0 
7f2f5d270000-7f2f6c000000 ---p 00000000 00:00 0 
7f2f6c000000-7f2f6c086000 rw-p 00000000 00:00 0 
7f2f6c086000-7f2f70000000 ---p 00000000 00:00 0 
7f2f70029000-7f2f7002a000 ---p 00000000 00:00 0 
7f2f7002a000-7f2f70279000 rw-p 00000000 00:00 0 
7f2f70279000-7f2f7160d000 ---p 00000000 00:00 0 
7f2f7160d000-7f2f71617000 rw-p 00000000 00:00 0 
7f2f71617000-7f2f719cd000 ---p 00000000 00:00 0 
7f2f719cd000-7f2f719d5000 r-xp 00000000 103:03 205334947                 /usr/lib/jvm/java-1.8.0-openjdk-1.8.0.382.b05-1.el7_9.x86_64/jre/lib/amd64/libzip.so
7f2f719d5000-7f2f71bd4000 ---p 00008000 103:03 205334947                 /usr/lib/jvm/java-1.8.0-openjdk-1.8.0.382.b05-1.el7_9.x86_64/jre/lib/amd64/libzip.so
7f2f71bd4000-7f2f71bd5000 r--p 00007000 103:03 205334947                 /usr/lib/jvm/java-1.8.0-openjdk-1.8.0.382.b05-1.el7_9.x86_64/jre/lib/amd64/libzip.so
7f2f71bd5000-7f2f71bd6000 rw-p 00008000 103:03 205334947                 /usr/lib/jvm/java-1.8.0-openjdk-1.8.0.382.b05-1.el7_9.x86_64/jre/lib/amd64/libzip.so
7f2f71bd6000-7f2f71be2000 r-xp 00000000 103:03 135651457                 /usr/lib64/libnss_files-2.17.so
7f2f71be2000-7f2f71de1000 ---p 0000c000 103:03 135651457                 /usr/lib64/libnss_files-2.17.so
7f2f71de1000-7f2f71de2000 r--p 0000b000 103:03 135651457                 /usr/lib64/libnss_files-2.17.so
7f2f71de2000-7f2f71de3000 rw-p 0000c000 103:03 135651457                 /usr/lib64/libnss_files-2.17.so
7f2f71de3000-7f2f71de9000 rw-p 00000000 00:00 0 
7f2f71de9000-7f2f71df5000 r-xp 00000000 103:03 135651512                 /usr/lib64/libnss_ldap.so.2
7f2f71df5000-7f2f71ff4000 ---p 0000c000 103:03 135651512                 /usr/lib64/libnss_ldap.so.2
7f2f71ff4000-7f2f71ff5000 r--p 0000b000 103:03 135651512                 /usr/lib64/libnss_ldap.so.2
7f2f71ff5000-7f2f71ff6000 rw-p 0000c000 103:03 135651512                 /usr/lib64/libnss_ldap.so.2
7f2f71ff6000-7f2f7200d000 r-xp 00000000 103:03 134375431                 /usr/lib64/libnsl-2.17.so
7f2f7200d000-7f2f7220c000 ---p 00017000 103:03 134375431                 /usr/lib64/libnsl-2.17.so
7f2f7220c000-7f2f7220d000 r--p 00016000 103:03 134375431                 /usr/lib64/libnsl-2.17.so
7f2f7220d000-7f2f7220e000 rw-p 00017000 103:03 134375431                 /usr/lib64/libnsl-2.17.so
7f2f7220e000-7f2f72210000 rw-p 00000000 00:00 0 
7f2f72210000-7f2f72219000 r-xp 00000000 103:03 134375433                 /usr/lib64/libnss_compat-2.17.so
7f2f72219000-7f2f72418000 ---p 00009000 103:03 134375433                 /usr/lib64/libnss_compat-2.17.so
7f2f72418000-7f2f72419000 r--p 00008000 103:03 134375433                 /usr/lib64/libnss_compat-2.17.so
7f2f72419000-7f2f7241a000 rw-p 00009000 103:03 134375433                 /usr/lib64/libnss_compat-2.17.so
7f2f7241a000-7f2f72444000 r-xp 00000000 103:03 205334929                 /usr/lib/jvm/java-1.8.0-openjdk-1.8.0.382.b05-1.el7_9.x86_64/jre/lib/amd64/libjava.so
7f2f72444000-7f2f72643000 ---p 0002a000 103:03 205334929                 /usr/lib/jvm/java-1.8.0-openjdk-1.8.0.382.b05-1.el7_9.x86_64/jre/lib/amd64/libjava.so
7f2f72643000-7f2f72644000 r--p 00029000 103:03 205334929                 /usr/lib/jvm/java-1.8.0-openjdk-1.8.0.382.b05-1.el7_9.x86_64/jre/lib/amd64/libjava.so
7f2f72644000-7f2f72646000 rw-p 0002a000 103:03 205334929                 /usr/lib/jvm/java-1.8.0-openjdk-1.8.0.382.b05-1.el7_9.x86_64/jre/lib/amd64/libjava.so
7f2f72646000-7f2f72653000 r-xp 00000000 103:03 205334946                 /usr/lib/jvm/java-1.8.0-openjdk-1.8.0.382.b05-1.el7_9.x86_64/jre/lib/amd64/libverify.so
7f2f72653000-7f2f72852000 ---p 0000d000 103:03 205334946                 /usr/lib/jvm/java-1.8.0-openjdk-1.8.0.382.b05-1.el7_9.x86_64/jre/lib/amd64/libverify.so
7f2f72852000-7f2f72854000 r--p 0000c000 103:03 205334946                 /usr/lib/jvm/java-1.8.0-openjdk-1.8.0.382.b05-1.el7_9.x86_64/jre/lib/amd64/libverify.so
7f2f72854000-7f2f72855000 rw-p 0000e000 103:03 205334946                 /usr/lib/jvm/java-1.8.0-openjdk-1.8.0.382.b05-1.el7_9.x86_64/jre/lib/amd64/libverify.so
7f2f72855000-7f2f7285c000 r-xp 00000000 103:03 135651469                 /usr/lib64/librt-2.17.so
7f2f7285c000-7f2f72a5b000 ---p 00007000 103:03 135651469                 /usr/lib64/librt-2.17.so
7f2f72a5b000-7f2f72a5c000 r--p 00006000 103:03 135651469                 /usr/lib64/librt-2.17.so
7f2f72a5c000-7f2f72a5d000 rw-p 00007000 103:03 135651469                 /usr/lib64/librt-2.17.so
7f2f72a5d000-7f2f72a72000 r-xp 00000000 103:03 134299752                 /usr/lib64/libgcc_s-4.8.5-20150702.so.1
7f2f72a72000-7f2f72c71000 ---p 00015000 103:03 134299752                 /usr/lib64/libgcc_s-4.8.5-20150702.so.1
7f2f72c71000-7f2f72c72000 r--p 00014000 103:03 134299752                 /usr/lib64/libgcc_s-4.8.5-20150702.so.1
7f2f72c72000-7f2f72c73000 rw-p 00015000 103:03 134299752                 /usr/lib64/libgcc_s-4.8.5-20150702.so.1
7f2f72c73000-7f2f72d74000 r-xp 00000000 103:03 134375429                 /usr/lib64/libm-2.17.so
7f2f72d74000-7f2f72f73000 ---p 00101000 103:03 134375429                 /usr/lib64/libm-2.17.so
7f2f72f73000-7f2f72f74000 r--p 00100000 103:03 134375429                 /usr/lib64/libm-2.17.so
7f2f72f74000-7f2f72f75000 rw-p 00101000 103:03 134375429                 /usr/lib64/libm-2.17.so
7f2f72f75000-7f2f7305e000 r-xp 00000000 103:03 134375472                 /usr/lib64/libstdc++.so.6.0.19
7f2f7305e000-7f2f7325e000 ---p 000e9000 103:03 134375472                 /usr/lib64/libstdc++.so.6.0.19
7f2f7325e000-7f2f73266000 r--p 000e9000 103:03 134375472                 /usr/lib64/libstdc++.so.6.0.19
7f2f73266000-7f2f73268000 rw-p 000f1000 103:03 134375472                 /usr/lib64/libstdc++.so.6.0.19
7f2f73268000-7f2f7327d000 rw-p 00000000 00:00 0 
7f2f7327d000-7f2f7401f000 r-xp 00000000 103:03 135092117                 /usr/lib/jvm/java-1.8.0-openjdk-1.8.0.382.b05-1.el7_9.x86_64/jre/lib/amd64/server/libjvm.so
7f2f7401f000-7f2f7421e000 ---p 00da2000 103:03 135092117                 /usr/lib/jvm/java-1.8.0-openjdk-1.8.0.382.b05-1.el7_9.x86_64/jre/lib/amd64/server/libjvm.so
7f2f7421e000-7f2f742cc000 r--p 00da1000 103:03 135092117                 /usr/lib/jvm/java-1.8.0-openjdk-1.8.0.382.b05-1.el7_9.x86_64/jre/lib/amd64/server/libjvm.so
7f2f742cc000-7f2f742f7000 rw-p 00e4f000 103:03 135092117                 /usr/lib/jvm/java-1.8.0-openjdk-1.8.0.382.b05-1.el7_9.x86_64/jre/lib/amd64/server/libjvm.so
7f2f742f7000-7f2f7432d000 rw-p 00000000 00:00 0 
7f2f7432d000-7f2f744f1000 r-xp 00000000 103:03 134375421                 /usr/lib64/libc-2.17.so
7f2f744f1000-7f2f746f0000 ---p 001c4000 103:03 134375421                 /usr/lib64/libc-2.17.so
7f2f746f0000-7f2f746f4000 r--p 001c3000 103:03 134375421                 /usr/lib64/libc-2.17.so
7f2f746f4000-7f2f746f6000 rw-p 001c7000 103:03 134375421                 /usr/lib64/libc-2.17.so
7f2f746f6000-7f2f746fb000 rw-p 00000000 00:00 0 
7f2f746fb000-7f2f746fd000 r-xp 00000000 103:03 134375427                 /usr/lib64/libdl-2.17.so
7f2f746fd000-7f2f748fd000 ---p 00002000 103:03 134375427                 /usr/lib64/libdl-2.17.so
7f2f748fd000-7f2f748fe000 r--p 00002000 103:03 134375427                 /usr/lib64/libdl-2.17.so
7f2f748fe000-7f2f748ff000 rw-p 00003000 103:03 134375427                 /usr/lib64/libdl-2.17.so
7f2f748ff000-7f2f7490d000 r-xp 00000000 103:03 205335092                 /usr/lib/jvm/java-1.8.0-openjdk-1.8.0.382.b05-1.el7_9.x86_64/lib/amd64/jli/libjli.so
7f2f7490d000-7f2f74b0c000 ---p 0000e000 103:03 205335092                 /usr/lib/jvm/java-1.8.0-openjdk-1.8.0.382.b05-1.el7_9.x86_64/lib/amd64/jli/libjli.so
7f2f74b0c000-7f2f74b0d000 r--p 0000d000 103:03 205335092                 /usr/lib/jvm/java-1.8.0-openjdk-1.8.0.382.b05-1.el7_9.x86_64/lib/amd64/jli/libjli.so
7f2f74b0d000-7f2f74b0e000 rw-p 0000e000 103:03 205335092                 /usr/lib/jvm/java-1.8.0-openjdk-1.8.0.382.b05-1.el7_9.x86_64/lib/amd64/jli/libjli.so
7f2f74b0e000-7f2f74b23000 r-xp 00000000 103:03 134478969                 /usr/lib64/libz.so.1.2.7
7f2f74b23000-7f2f74d22000 ---p 00015000 103:03 134478969                 /usr/lib64/libz.so.1.2.7
7f2f74d22000-7f2f74d23000 r--p 00014000 103:03 134478969                 /usr/lib64/libz.so.1.2.7
7f2f74d23000-7f2f74d24000 rw-p 00015000 103:03 134478969                 /usr/lib64/libz.so.1.2.7
7f2f74d24000-7f2f74d3b000 r-xp 00000000 103:03 135651465                 /usr/lib64/libpthread-2.17.so
7f2f74d3b000-7f2f74f3a000 ---p 00017000 103:03 135651465                 /usr/lib64/libpthread-2.17.so
7f2f74f3a000-7f2f74f3b000 r--p 00016000 103:03 135651465                 /usr/lib64/libpthread-2.17.so
7f2f74f3b000-7f2f74f3c000 rw-p 00017000 103:03 135651465                 /usr/lib64/libpthread-2.17.so
7f2f74f3c000-7f2f74f40000 rw-p 00000000 00:00 0 
7f2f74f40000-7f2f74f62000 r-xp 00000000 103:03 134375414                 /usr/lib64/ld-2.17.so
7f2f74feb000-7f2f7502c000 rw-p 00000000 00:00 0 
7f2f7502c000-7f2f75030000 ---p 00000000 00:00 0 
7f2f75030000-7f2f75132000 rw-p 00000000 00:00 0 
7f2f75153000-7f2f75156000 rw-p 00000000 00:00 0 
7f2f75156000-7f2f7515e000 rw-s 00000000 103:03 216968                    /tmp/hsperfdata_chyin/26271
7f2f7515e000-7f2f7515f000 rw-p 00000000 00:00 0 
7f2f7515f000-7f2f75160000 r--p 00000000 00:00 0 
7f2f75160000-7f2f75161000 rw-p 00000000 00:00 0 
7f2f75161000-7f2f75162000 r--p 00021000 103:03 134375414                 /usr/lib64/ld-2.17.so
7f2f75162000-7f2f75163000 rw-p 00022000 103:03 134375414                 /usr/lib64/ld-2.17.so
7f2f75163000-7f2f75164000 rw-p 00000000 00:00 0 
7ffdd93ac000-7ffdd93ce000 rw-p 00000000 00:00 0                          [stack]
7ffdd93fb000-7ffdd93fd000 r-xp 00000000 00:00 0                          [vdso]
ffffffffff600000-ffffffffff601000 r-xp 00000000 00:00 0                  [vsyscall]

VM Arguments:
jvm_args: -Dfile.encoding=UTF-8 
java_command: lab5.Lab5
java_class_path (initial): /DCNFS/users/student/chyin/COEN160/lab5/lab5/bin
Launcher Type: SUN_STANDARD

Environment Variables:
PATH=/opt/eclipse-4.4/linux/eclipse:/opt/synopsys-2019/app/syn/Q-2019.12-SP1/bin:/opt/synopsys-2019/app/txs/Q-2019.12-SP1/bin:/opt/synopsys-2019/app/customcompiler/P-2019.06-SP1-7/bin:/opt/synopsys-2019/app/finesim/P-2019.06-SP2-4/bin:/opt/synopsys-2019/app/hspice/P-2019.06-SP2-3/hspice/bin:/opt/synopsys-2019/app/icc/Q-2019.12-SP1/bin:/opt/synopsys-2019/app/icvalidator/Q-2019.12-SP1-1/bin:/opt/synopsys-2019/app/idq/Q-2019.12-SP1/bin:/opt/synopsys-2019/app/starrc/Q-2019.12-SP1-1/bin:/opt/synopsys-2019/app/vcs/P-2019.06-SP2-1/bin:/opt/synopsys-2019/app/wv/P-2019.06-SP2/bin:/opt/synopsys-2019/app/xa/P-2019.06-SP5/bin:/opt/synopsys-2019/app/sentaurus/Q_2019.12-SP1a/bin:/opt/synopsys-2019/app/sentaurus/Q_2019.12-SP1a/tcad/Q-2019.12-SP1a/linux64/bin:/usr/lib64/qt-3.3/bin:/sbin:/bin:/usr/sbin:/usr/bin:/usr/local/sbin:/usr/local/bin
USERNAME=chyin
SHELL=/bin/bash
DISPLAY=:0

Signal Handlers:
SIGSEGV: [libjvm.so+0xb6a5c0], sa_mask[0]=11111111011111111101111111111110, sa_flags=SA_RESTART|SA_SIGINFO
SIGBUS: [libjvm.so+0xb6a5c0], sa_mask[0]=11111111011111111101111111111110, sa_flags=SA_RESTART|SA_SIGINFO
SIGFPE: [libjvm.so+0x93fe10], sa_mask[0]=11111111011111111101111111111110, sa_flags=SA_RESTART|SA_SIGINFO
SIGPIPE: [libjvm.so+0x93fe10], sa_mask[0]=11111111011111111101111111111110, sa_flags=SA_RESTART|SA_SIGINFO
SIGXFSZ: [libjvm.so+0x93fe10], sa_mask[0]=11111111011111111101111111111110, sa_flags=SA_RESTART|SA_SIGINFO
SIGILL: [libjvm.so+0x93fe10], sa_mask[0]=11111111011111111101111111111110, sa_flags=SA_RESTART|SA_SIGINFO
SIGUSR1: SIG_DFL, sa_mask[0]=00000000000000000000000000000000, sa_flags=none
SIGUSR2: [libjvm.so+0x93ff80], sa_mask[0]=00100000000000000000000000000000, sa_flags=SA_RESTART|SA_SIGINFO
SIGHUP: SIG_DFL, sa_mask[0]=00000000000000000000000000000000, sa_flags=none
SIGINT: SIG_DFL, sa_mask[0]=00000000000000000000000000000000, sa_flags=none
SIGTERM: SIG_DFL, sa_mask[0]=00000000000000000000000000000000, sa_flags=none
SIGQUIT: SIG_DFL, sa_mask[0]=00000000000000000000000000000000, sa_flags=none


---------------  S Y S T E M  ---------------

OS:CentOS Linux release 7.9.2009 (Core)

uname:Linux 3.10.0-1160.102.1.el7.x86_64 #1 SMP Tue Oct 17 15:42:21 UTC 2023 x86_64
libc:glibc 2.17 NPTL 2.17 
rlimit: STACK 8192k, CORE 0k, NPROC 1024, NOFILE 4096, AS infinity
load average:0.79 0.50 0.33

/proc/meminfo:
MemTotal:       65695408 kB
MemFree:        55291404 kB
MemAvailable:   59898716 kB
Buffers:            1180 kB
Cached:          5053060 kB
SwapCached:            0 kB
Active:          6131860 kB
Inactive:        2449628 kB
Active(anon):    3529456 kB
Inactive(anon):   240580 kB
Active(file):    2602404 kB
Inactive(file):  2209048 kB
Unevictable:           0 kB
Mlocked:               0 kB
SwapTotal:       2097148 kB
SwapFree:        2097148 kB
Dirty:               236 kB
Writeback:             0 kB
AnonPages:       3524888 kB
Mapped:           787844 kB
Shmem:            242784 kB
Slab:             484360 kB
SReclaimable:     332824 kB
SUnreclaim:       151536 kB
KernelStack:       26928 kB
PageTables:       101184 kB
NFS_Unstable:         12 kB
Bounce:                0 kB
WritebackTmp:          0 kB
CommitLimit:    34944852 kB
Committed_AS:   19592432 kB
VmallocTotal:   34359738367 kB
VmallocUsed:      439040 kB
VmallocChunk:   34358945788 kB
Percpu:             4736 kB
HardwareCorrupted:     0 kB
AnonHugePages:    813056 kB
CmaTotal:              0 kB
CmaFree:               0 kB
HugePages_Total:       0
HugePages_Free:        0
HugePages_Rsvd:        0
HugePages_Surp:        0
Hugepagesize:       2048 kB
DirectMap4k:      538060 kB
DirectMap2M:    12812288 kB
DirectMap1G:    53477376 kB

container (cgroup) information:
container_type: cgroupv1
cpu_cpuset_cpus: 0-15
cpu_memory_nodes: 0
active_processor_count: 16
cpu_quota: -1
cpu_period: 100000
cpu_shares: -1
memory_limit_in_bytes: -1
memory_and_swap_limit_in_bytes: -1
memory_soft_limit_in_bytes: -1
memory_usage_in_bytes: 4472131584
memory_max_usage_in_bytes: 4663619584


CPU:total 16 (initial active 16) (8 cores per cpu, 2 threads per core) family 6 model 167 stepping 1, cmov, cx8, fxsr, mmx, sse, sse2, sse3, ssse3, sse4.1, sse4.2, popcnt, avx, avx2, aes, clmul, erms, 3dnowpref, lzcnt, ht, tsc, tscinvbit, bmi1, bmi2, adx

/proc/cpuinfo:
processor	: 0
vendor_id	: GenuineIntel
cpu family	: 6
model		: 167
model name	: 11th Gen Intel(R) Core(TM) i9-11900 @ 2.50GHz
stepping	: 1
microcode	: 0x59
cpu MHz		: 4048.461
cache size	: 16384 KB
physical id	: 0
siblings	: 16
core id		: 0
cpu cores	: 8
apicid		: 0
initial apicid	: 0
fpu		: yes
fpu_exception	: yes
cpuid level	: 27
wp		: yes
flags		: fpu vme de pse tsc msr pae mce cx8 apic sep mtrr pge mca cmov pat pse36 clflush dts acpi mmx fxsr sse sse2 ss ht tm pbe syscall nx pdpe1gb rdtscp lm constant_tsc art arch_perfmon pebs bts rep_good nopl xtopology nonstop_tsc aperfmperf eagerfpu pni pclmulqdq dtes64 monitor ds_cpl vmx smx est tm2 ssse3 sdbg fma cx16 xtpr pdcm pcid sse4_1 sse4_2 x2apic movbe popcnt tsc_deadline_timer aes xsave avx f16c rdrand lahf_lm abm 3dnowprefetch epb invpcid_single ssbd rsb_ctxsw ibrs ibpb stibp ibrs_enhanced tpr_shadow vnmi flexpriority ept vpid fsgsbase tsc_adjust bmi1 avx2 smep bmi2 erms invpcid mpx avx512f avx512dq rdseed adx smap avx512ifma clflushopt intel_pt avx512cd sha_ni avx512bw avx512vl xsaveopt xsavec xgetbv1 dtherm ida arat pln pts hwp hwp_notify hwp_act_window hwp_epp hwp_pkg_req avx512vbmi umip pku ospke avx512_vbmi2 gfni vaes vpclmulqdq avx512_vnni avx512_bitalg avx512_vpopcntdq md_clear spec_ctrl intel_stibp flush_l1d arch_capabilities
bogomips	: 4992.00
clflush size	: 64
cache_alignment	: 64
address sizes	: 39 bits physical, 48 bits virtual
power management:

processor	: 1
vendor_id	: GenuineIntel
cpu family	: 6
model		: 167
model name	: 11th Gen Intel(R) Core(TM) i9-11900 @ 2.50GHz
stepping	: 1
microcode	: 0x59
cpu MHz		: 3973.999
cache size	: 16384 KB
physical id	: 0
siblings	: 16
core id		: 1
cpu cores	: 8
apicid		: 2
initial apicid	: 2
fpu		: yes
fpu_exception	: yes
cpuid level	: 27
wp		: yes
flags		: fpu vme de pse tsc msr pae mce cx8 apic sep mtrr pge mca cmov pat pse36 clflush dts acpi mmx fxsr sse sse2 ss ht tm pbe syscall nx pdpe1gb rdtscp lm constant_tsc art arch_perfmon pebs bts rep_good nopl xtopology nonstop_tsc aperfmperf eagerfpu pni pclmulqdq dtes64 monitor ds_cpl vmx smx est tm2 ssse3 sdbg fma cx16 xtpr pdcm pcid sse4_1 sse4_2 x2apic movbe popcnt tsc_deadline_timer aes xsave avx f16c rdrand lahf_lm abm 3dnowprefetch epb invpcid_single ssbd rsb_ctxsw ibrs ibpb stibp ibrs_enhanced tpr_shadow vnmi flexpriority ept vpid fsgsbase tsc_adjust bmi1 avx2 smep bmi2 erms invpcid mpx avx512f avx512dq rdseed adx smap avx512ifma clflushopt intel_pt avx512cd sha_ni avx512bw avx512vl xsaveopt xsavec xgetbv1 dtherm ida arat pln pts hwp hwp_notify hwp_act_window hwp_epp hwp_pkg_req avx512vbmi umip pku ospke avx512_vbmi2 gfni vaes vpclmulqdq avx512_vnni avx512_bitalg avx512_vpopcntdq md_clear spec_ctrl intel_stibp flush_l1d arch_capabilities
bogomips	: 4992.00
clflush size	: 64
cache_alignment	: 64
address sizes	: 39 bits physical, 48 bits virtual
power management:

processor	: 2
vendor_id	: GenuineIntel
cpu family	: 6
model		: 167
model name	: 11th Gen Intel(R) Core(TM) i9-11900 @ 2.50GHz
stepping	: 1
microcode	: 0x59
cpu MHz		: 4112.243
cache size	: 16384 KB
physical id	: 0
siblings	: 16
core id		: 2
cpu cores	: 8
apicid		: 4
initial apicid	: 4
fpu		: yes
fpu_exception	: yes
cpuid level	: 27
wp		: yes
flags		: fpu vme de pse tsc msr pae mce cx8 apic sep mtrr pge mca cmov pat pse36 clflush dts acpi mmx fxsr sse sse2 ss ht tm pbe syscall nx pdpe1gb rdtscp lm constant_tsc art arch_perfmon pebs bts rep_good nopl xtopology nonstop_tsc aperfmperf eagerfpu pni pclmulqdq dtes64 monitor ds_cpl vmx smx est tm2 ssse3 sdbg fma cx16 xtpr pdcm pcid sse4_1 sse4_2 x2apic movbe popcnt tsc_deadline_timer aes xsave avx f16c rdrand lahf_lm abm 3dnowprefetch epb invpcid_single ssbd rsb_ctxsw ibrs ibpb stibp ibrs_enhanced tpr_shadow vnmi flexpriority ept vpid fsgsbase tsc_adjust bmi1 avx2 smep bmi2 erms invpcid mpx avx512f avx512dq rdseed adx smap avx512ifma clflushopt intel_pt avx512cd sha_ni avx512bw avx512vl xsaveopt xsavec xgetbv1 dtherm ida arat pln pts hwp hwp_notify hwp_act_window hwp_epp hwp_pkg_req avx512vbmi umip pku ospke avx512_vbmi2 gfni vaes vpclmulqdq avx512_vnni avx512_bitalg avx512_vpopcntdq md_clear spec_ctrl intel_stibp flush_l1d arch_capabilities
bogomips	: 4992.00
clflush size	: 64
cache_alignment	: 64
address sizes	: 39 bits physical, 48 bits virtual
power management:

processor	: 3
vendor_id	: GenuineIntel
cpu family	: 6
model		: 167
model name	: 11th Gen Intel(R) Core(TM) i9-11900 @ 2.50GHz
stepping	: 1
microcode	: 0x59
cpu MHz		: 3854.370
cache size	: 16384 KB
physical id	: 0
siblings	: 16
core id		: 3
cpu cores	: 8
apicid		: 6
initial apicid	: 6
fpu		: yes
fpu_exception	: yes
cpuid level	: 27
wp		: yes
flags		: fpu vme de pse tsc msr pae mce cx8 apic sep mtrr pge mca cmov pat pse36 clflush dts acpi mmx fxsr sse sse2 ss ht tm pbe syscall nx pdpe1gb rdtscp lm constant_tsc art arch_perfmon pebs bts rep_good nopl xtopology nonstop_tsc aperfmperf eagerfpu pni pclmulqdq dtes64 monitor ds_cpl vmx smx est tm2 ssse3 sdbg fma cx16 xtpr pdcm pcid sse4_1 sse4_2 x2apic movbe popcnt tsc_deadline_timer aes xsave avx f16c rdrand lahf_lm abm 3dnowprefetch epb invpcid_single ssbd rsb_ctxsw ibrs ibpb stibp ibrs_enhanced tpr_shadow vnmi flexpriority ept vpid fsgsbase tsc_adjust bmi1 avx2 smep bmi2 erms invpcid mpx avx512f avx512dq rdseed adx smap avx512ifma clflushopt intel_pt avx512cd sha_ni avx512bw avx512vl xsaveopt xsavec xgetbv1 dtherm ida arat pln pts hwp hwp_notify hwp_act_window hwp_epp hwp_pkg_req avx512vbmi umip pku ospke avx512_vbmi2 gfni vaes vpclmulqdq avx512_vnni avx512_bitalg avx512_vpopcntdq md_clear spec_ctrl intel_stibp flush_l1d arch_capabilities
bogomips	: 4992.00
clflush size	: 64
cache_alignment	: 64
address sizes	: 39 bits physical, 48 bits virtual
power management:

processor	: 4
vendor_id	: GenuineIntel
cpu family	: 6
model		: 167
model name	: 11th Gen Intel(R) Core(TM) i9-11900 @ 2.50GHz
stepping	: 1
microcode	: 0x59
cpu MHz		: 4190.521
cache size	: 16384 KB
physical id	: 0
siblings	: 16
core id		: 4
cpu cores	: 8
apicid		: 8
initial apicid	: 8
fpu		: yes
fpu_exception	: yes
cpuid level	: 27
wp		: yes
flags		: fpu vme de pse tsc msr pae mce cx8 apic sep mtrr pge mca cmov pat pse36 clflush dts acpi mmx fxsr sse sse2 ss ht tm pbe syscall nx pdpe1gb rdtscp lm constant_tsc art arch_perfmon pebs bts rep_good nopl xtopology nonstop_tsc aperfmperf eagerfpu pni pclmulqdq dtes64 monitor ds_cpl vmx smx est tm2 ssse3 sdbg fma cx16 xtpr pdcm pcid sse4_1 sse4_2 x2apic movbe popcnt tsc_deadline_timer aes xsave avx f16c rdrand lahf_lm abm 3dnowprefetch epb invpcid_single ssbd rsb_ctxsw ibrs ibpb stibp ibrs_enhanced tpr_shadow vnmi flexpriority ept vpid fsgsbase tsc_adjust bmi1 avx2 smep bmi2 erms invpcid mpx avx512f avx512dq rdseed adx smap avx512ifma clflushopt intel_pt avx512cd sha_ni avx512bw avx512vl xsaveopt xsavec xgetbv1 dtherm ida arat pln pts hwp hwp_notify hwp_act_window hwp_epp hwp_pkg_req avx512vbmi umip pku ospke avx512_vbmi2 gfni vaes vpclmulqdq avx512_vnni avx512_bitalg avx512_vpopcntdq md_clear spec_ctrl intel_stibp flush_l1d arch_capabilities
bogomips	: 4992.00
clflush size	: 64
cache_alignment	: 64
address sizes	: 39 bits physical, 48 bits virtual
power management:

processor	: 5
vendor_id	: GenuineIntel
cpu family	: 6
model		: 167
model name	: 11th Gen Intel(R) Core(TM) i9-11900 @ 2.50GHz
stepping	: 1
microcode	: 0x59
cpu MHz		: 4084.625
cache size	: 16384 KB
physical id	: 0
siblings	: 16
core id		: 5
cpu cores	: 8
apicid		: 10
initial apicid	: 10
fpu		: yes
fpu_exception	: yes
cpuid level	: 27
wp		: yes
flags		: fpu vme de pse tsc msr pae mce cx8 apic sep mtrr pge mca cmov pat pse36 clflush dts acpi mmx fxsr sse sse2 ss ht tm pbe syscall nx pdpe1gb rdtscp lm constant_tsc art arch_perfmon pebs bts rep_good nopl xtopology nonstop_tsc aperfmperf eagerfpu pni pclmulqdq dtes64 monitor ds_cpl vmx smx est tm2 ssse3 sdbg fma cx16 xtpr pdcm pcid sse4_1 sse4_2 x2apic movbe popcnt tsc_deadline_timer aes xsave avx f16c rdrand lahf_lm abm 3dnowprefetch epb invpcid_single ssbd rsb_ctxsw ibrs ibpb stibp ibrs_enhanced tpr_shadow vnmi flexpriority ept vpid fsgsbase tsc_adjust bmi1 avx2 smep bmi2 erms invpcid mpx avx512f avx512dq rdseed adx smap avx512ifma clflushopt intel_pt avx512cd sha_ni avx512bw avx512vl xsaveopt xsavec xgetbv1 dtherm ida arat pln pts hwp hwp_notify hwp_act_window hwp_epp hwp_pkg_req avx512vbmi umip pku ospke avx512_vbmi2 gfni vaes vpclmulqdq avx512_vnni avx512_bitalg avx512_vpopcntdq md_clear spec_ctrl intel_stibp flush_l1d arch_capabilities
bogomips	: 4992.00
clflush size	: 64
cache_alignment	: 64
address sizes	: 39 bits physical, 48 bits virtual
power management:

processor	: 6
vendor_id	: GenuineIntel
cpu family	: 6
model		: 167
model name	: 11th Gen Intel(R) Core(TM) i9-11900 @ 2.50GHz
stepping	: 1
microcode	: 0x59
cpu MHz		: 4427.032
cache size	: 16384 KB
physical id	: 0
siblings	: 16
core id		: 6
cpu cores	: 8
apicid		: 12
initial apicid	: 12
fpu		: yes
fpu_exception	: yes
cpuid level	: 27
wp		: yes
flags		: fpu vme de pse tsc msr pae mce cx8 apic sep mtrr pge mca cmov pat pse36 clflush dts acpi mmx fxsr sse sse2 ss ht tm pbe syscall nx pdpe1gb rdtscp lm constant_tsc art arch_perfmon pebs bts rep_good nopl xtopology nonstop_tsc aperfmperf eagerfpu pni pclmulqdq dtes64 monitor ds_cpl vmx smx est tm2 ssse3 sdbg fma cx16 xtpr pdcm pcid sse4_1 sse4_2 x2apic movbe popcnt tsc_deadline_timer aes xsave avx f16c rdrand lahf_lm abm 3dnowprefetch epb invpcid_single ssbd rsb_ctxsw ibrs ibpb stibp ibrs_enhanced tpr_shadow vnmi flexpriority ept vpid fsgsbase tsc_adjust bmi1 avx2 smep bmi2 erms invpcid mpx avx512f avx512dq rdseed adx smap avx512ifma clflushopt intel_pt avx512cd sha_ni avx512bw avx512vl xsaveopt xsavec xgetbv1 dtherm ida arat pln pts hwp hwp_notify hwp_act_window hwp_epp hwp_pkg_req avx512vbmi umip pku ospke avx512_vbmi2 gfni vaes vpclmulqdq avx512_vnni avx512_bitalg avx512_vpopcntdq md_clear spec_ctrl intel_stibp flush_l1d arch_capabilities
bogomips	: 4992.00
clflush size	: 64
cache_alignment	: 64
address sizes	: 39 bits physical, 48 bits virtual
power management:

processor	: 7
vendor_id	: GenuineIntel
cpu family	: 6
model		: 167
model name	: 11th Gen Intel(R) Core(TM) i9-11900 @ 2.50GHz
stepping	: 1
microcode	: 0x59
cpu MHz		: 3809.204
cache size	: 16384 KB
physical id	: 0
siblings	: 16
core id		: 7
cpu cores	: 8
apicid		: 14
initial apicid	: 14
fpu		: yes
fpu_exception	: yes
cpuid level	: 27
wp		: yes
flags		: fpu vme de pse tsc msr pae mce cx8 apic sep mtrr pge mca cmov pat pse36 clflush dts acpi mmx fxsr sse sse2 ss ht tm pbe syscall nx pdpe1gb rdtscp lm constant_tsc art arch_perfmon pebs bts rep_good nopl xtopology nonstop_tsc aperfmperf eagerfpu pni pclmulqdq dtes64 monitor ds_cpl vmx smx est tm2 ssse3 sdbg fma cx16 xtpr pdcm pcid sse4_1 sse4_2 x2apic movbe popcnt tsc_deadline_timer aes xsave avx f16c rdrand lahf_lm abm 3dnowprefetch epb invpcid_single ssbd rsb_ctxsw ibrs ibpb stibp ibrs_enhanced tpr_shadow vnmi flexpriority ept vpid fsgsbase tsc_adjust bmi1 avx2 smep bmi2 erms invpcid mpx avx512f avx512dq rdseed adx smap avx512ifma clflushopt intel_pt avx512cd sha_ni avx512bw avx512vl xsaveopt xsavec xgetbv1 dtherm ida arat pln pts hwp hwp_notify hwp_act_window hwp_epp hwp_pkg_req avx512vbmi umip pku ospke avx512_vbmi2 gfni vaes vpclmulqdq avx512_vnni avx512_bitalg avx512_vpopcntdq md_clear spec_ctrl intel_stibp flush_l1d arch_capabilities
bogomips	: 4992.00
clflush size	: 64
cache_alignment	: 64
address sizes	: 39 bits physical, 48 bits virtual
power management:

processor	: 8
vendor_id	: GenuineIntel
cpu family	: 6
model		: 167
model name	: 11th Gen Intel(R) Core(TM) i9-11900 @ 2.50GHz
stepping	: 1
microcode	: 0x59
cpu MHz		: 3654.022
cache size	: 16384 KB
physical id	: 0
siblings	: 16
core id		: 0
cpu cores	: 8
apicid		: 1
initial apicid	: 1
fpu		: yes
fpu_exception	: yes
cpuid level	: 27
wp		: yes
flags		: fpu vme de pse tsc msr pae mce cx8 apic sep mtrr pge mca cmov pat pse36 clflush dts acpi mmx fxsr sse sse2 ss ht tm pbe syscall nx pdpe1gb rdtscp lm constant_tsc art arch_perfmon pebs bts rep_good nopl xtopology nonstop_tsc aperfmperf eagerfpu pni pclmulqdq dtes64 monitor ds_cpl vmx smx est tm2 ssse3 sdbg fma cx16 xtpr pdcm pcid sse4_1 sse4_2 x2apic movbe popcnt tsc_deadline_timer aes xsave avx f16c rdrand lahf_lm abm 3dnowprefetch epb invpcid_single ssbd rsb_ctxsw ibrs ibpb stibp ibrs_enhanced tpr_shadow vnmi flexpriority ept vpid fsgsbase tsc_adjust bmi1 avx2 smep bmi2 erms invpcid mpx avx512f avx512dq rdseed adx smap avx512ifma clflushopt intel_pt avx512cd sha_ni avx512bw avx512vl xsaveopt xsavec xgetbv1 dtherm ida arat pln pts hwp hwp_notify hwp_act_window hwp_epp hwp_pkg_req avx512vbmi umip pku ospke avx512_vbmi2 gfni vaes vpclmulqdq avx512_vnni avx512_bitalg avx512_vpopcntdq md_clear spec_ctrl intel_stibp flush_l1d arch_capabilities
bogomips	: 4992.00
clflush size	: 64
cache_alignment	: 64
address sizes	: 39 bits physical, 48 bits virtual
power management:

processor	: 9
vendor_id	: GenuineIntel
cpu family	: 6
model		: 167
model name	: 11th Gen Intel(R) Core(TM) i9-11900 @ 2.50GHz
stepping	: 1
microcode	: 0x59
cpu MHz		: 2113.647
cache size	: 16384 KB
physical id	: 0
siblings	: 16
core id		: 1
cpu cores	: 8
apicid		: 3
initial apicid	: 3
fpu		: yes
fpu_exception	: yes
cpuid level	: 27
wp		: yes
flags		: fpu vme de pse tsc msr pae mce cx8 apic sep mtrr pge mca cmov pat pse36 clflush dts acpi mmx fxsr sse sse2 ss ht tm pbe syscall nx pdpe1gb rdtscp lm constant_tsc art arch_perfmon pebs bts rep_good nopl xtopology nonstop_tsc aperfmperf eagerfpu pni pclmulqdq dtes64 monitor ds_cpl vmx smx est tm2 ssse3 sdbg fma cx16 xtpr pdcm pcid sse4_1 sse4_2 x2apic movbe popcnt tsc_deadline_timer aes xsave avx f16c rdrand lahf_lm abm 3dnowprefetch epb invpcid_single ssbd rsb_ctxsw ibrs ibpb stibp ibrs_enhanced tpr_shadow vnmi flexpriority ept vpid fsgsbase tsc_adjust bmi1 avx2 smep bmi2 erms invpcid mpx avx512f avx512dq rdseed adx smap avx512ifma clflushopt intel_pt avx512cd sha_ni avx512bw avx512vl xsaveopt xsavec xgetbv1 dtherm ida arat pln pts hwp hwp_notify hwp_act_window hwp_epp hwp_pkg_req avx512vbmi umip pku ospke avx512_vbmi2 gfni vaes vpclmulqdq avx512_vnni avx512_bitalg avx512_vpopcntdq md_clear spec_ctrl intel_stibp flush_l1d arch_capabilities
bogomips	: 4992.00
clflush size	: 64
cache_alignment	: 64
address sizes	: 39 bits physical, 48 bits virtual
power management:

processor	: 10
vendor_id	: GenuineIntel
cpu family	: 6
model		: 167
model name	: 11th Gen Intel(R) Core(TM) i9-11900 @ 2.50GHz
stepping	: 1
microcode	: 0x59
cpu MHz		: 4423.065
cache size	: 16384 KB
physical id	: 0
siblings	: 16
core id		: 2
cpu cores	: 8
apicid		: 5
initial apicid	: 5
fpu		: yes
fpu_exception	: yes
cpuid level	: 27
wp		: yes
flags		: fpu vme de pse tsc msr pae mce cx8 apic sep mtrr pge mca cmov pat pse36 clflush dts acpi mmx fxsr sse sse2 ss ht tm pbe syscall nx pdpe1gb rdtscp lm constant_tsc art arch_perfmon pebs bts rep_good nopl xtopology nonstop_tsc aperfmperf eagerfpu pni pclmulqdq dtes64 monitor ds_cpl vmx smx est tm2 ssse3 sdbg fma cx16 xtpr pdcm pcid sse4_1 sse4_2 x2apic movbe popcnt tsc_deadline_timer aes xsave avx f16c rdrand lahf_lm abm 3dnowprefetch epb invpcid_single ssbd rsb_ctxsw ibrs ibpb stibp ibrs_enhanced tpr_shadow vnmi flexpriority ept vpid fsgsbase tsc_adjust bmi1 avx2 smep bmi2 erms invpcid mpx avx512f avx512dq rdseed adx smap avx512ifma clflushopt intel_pt avx512cd sha_ni avx512bw avx512vl xsaveopt xsavec xgetbv1 dtherm ida arat pln pts hwp hwp_notify hwp_act_window hwp_epp hwp_pkg_req avx512vbmi umip pku ospke avx512_vbmi2 gfni vaes vpclmulqdq avx512_vnni avx512_bitalg avx512_vpopcntdq md_clear spec_ctrl intel_stibp flush_l1d arch_capabilities
bogomips	: 4992.00
clflush size	: 64
cache_alignment	: 64
address sizes	: 39 bits physical, 48 bits virtual
power management:

processor	: 11
vendor_id	: GenuineIntel
cpu family	: 6
model		: 167
model name	: 11th Gen Intel(R) Core(TM) i9-11900 @ 2.50GHz
stepping	: 1
microcode	: 0x59
cpu MHz		: 2819.671
cache size	: 16384 KB
physical id	: 0
siblings	: 16
core id		: 3
cpu cores	: 8
apicid		: 7
initial apicid	: 7
fpu		: yes
fpu_exception	: yes
cpuid level	: 27
wp		: yes
flags		: fpu vme de pse tsc msr pae mce cx8 apic sep mtrr pge mca cmov pat pse36 clflush dts acpi mmx fxsr sse sse2 ss ht tm pbe syscall nx pdpe1gb rdtscp lm constant_tsc art arch_perfmon pebs bts rep_good nopl xtopology nonstop_tsc aperfmperf eagerfpu pni pclmulqdq dtes64 monitor ds_cpl vmx smx est tm2 ssse3 sdbg fma cx16 xtpr pdcm pcid sse4_1 sse4_2 x2apic movbe popcnt tsc_deadline_timer aes xsave avx f16c rdrand lahf_lm abm 3dnowprefetch epb invpcid_single ssbd rsb_ctxsw ibrs ibpb stibp ibrs_enhanced tpr_shadow vnmi flexpriority ept vpid fsgsbase tsc_adjust bmi1 avx2 smep bmi2 erms invpcid mpx avx512f avx512dq rdseed adx smap avx512ifma clflushopt intel_pt avx512cd sha_ni avx512bw avx512vl xsaveopt xsavec xgetbv1 dtherm ida arat pln pts hwp hwp_notify hwp_act_window hwp_epp hwp_pkg_req avx512vbmi umip pku ospke avx512_vbmi2 gfni vaes vpclmulqdq avx512_vnni avx512_bitalg avx512_vpopcntdq md_clear spec_ctrl intel_stibp flush_l1d arch_capabilities
bogomips	: 4992.00
clflush size	: 64
cache_alignment	: 64
address sizes	: 39 bits physical, 48 bits virtual
power management:

processor	: 12
vendor_id	: GenuineIntel
cpu family	: 6
model		: 167
model name	: 11th Gen Intel(R) Core(TM) i9-11900 @ 2.50GHz
stepping	: 1
microcode	: 0x59
cpu MHz		: 4246.368
cache size	: 16384 KB
physical id	: 0
siblings	: 16
core id		: 4
cpu cores	: 8
apicid		: 9
initial apicid	: 9
fpu		: yes
fpu_exception	: yes
cpuid level	: 27
wp		: yes
flags		: fpu vme de pse tsc msr pae mce cx8 apic sep mtrr pge mca cmov pat pse36 clflush dts acpi mmx fxsr sse sse2 ss ht tm pbe syscall nx pdpe1gb rdtscp lm constant_tsc art arch_perfmon pebs bts rep_good nopl xtopology nonstop_tsc aperfmperf eagerfpu pni pclmulqdq dtes64 monitor ds_cpl vmx smx est tm2 ssse3 sdbg fma cx16 xtpr pdcm pcid sse4_1 sse4_2 x2apic movbe popcnt tsc_deadline_timer aes xsave avx f16c rdrand lahf_lm abm 3dnowprefetch epb invpcid_single ssbd rsb_ctxsw ibrs ibpb stibp ibrs_enhanced tpr_shadow vnmi flexpriority ept vpid fsgsbase tsc_adjust bmi1 avx2 smep bmi2 erms invpcid mpx avx512f avx512dq rdseed adx smap avx512ifma clflushopt intel_pt avx512cd sha_ni avx512bw avx512vl xsaveopt xsavec xgetbv1 dtherm ida arat pln pts hwp hwp_notify hwp_act_window hwp_epp hwp_pkg_req avx512vbmi umip pku ospke avx512_vbmi2 gfni vaes vpclmulqdq avx512_vnni avx512_bitalg avx512_vpopcntdq md_clear spec_ctrl intel_stibp flush_l1d arch_capabilities
bogomips	: 4992.00
clflush size	: 64
cache_alignment	: 64
address sizes	: 39 bits physical, 48 bits virtual
power management:

processor	: 13
vendor_id	: GenuineIntel
cpu family	: 6
model		: 167
model name	: 11th Gen Intel(R) Core(TM) i9-11900 @ 2.50GHz
stepping	: 1
microcode	: 0x59
cpu MHz		: 2135.925
cache size	: 16384 KB
physical id	: 0
siblings	: 16
core id		: 5
cpu cores	: 8
apicid		: 11
initial apicid	: 11
fpu		: yes
fpu_exception	: yes
cpuid level	: 27
wp		: yes
flags		: fpu vme de pse tsc msr pae mce cx8 apic sep mtrr pge mca cmov pat pse36 clflush dts acpi mmx fxsr sse sse2 ss ht tm pbe syscall nx pdpe1gb rdtscp lm constant_tsc art arch_perfmon pebs bts rep_good nopl xtopology nonstop_tsc aperfmperf eagerfpu pni pclmulqdq dtes64 monitor ds_cpl vmx smx est tm2 ssse3 sdbg fma cx16 xtpr pdcm pcid sse4_1 sse4_2 x2apic movbe popcnt tsc_deadline_timer aes xsave avx f16c rdrand lahf_lm abm 3dnowprefetch epb invpcid_single ssbd rsb_ctxsw ibrs ibpb stibp ibrs_enhanced tpr_shadow vnmi flexpriority ept vpid fsgsbase tsc_adjust bmi1 avx2 smep bmi2 erms invpcid mpx avx512f avx512dq rdseed adx smap avx512ifma clflushopt intel_pt avx512cd sha_ni avx512bw avx512vl xsaveopt xsavec xgetbv1 dtherm ida arat pln pts hwp hwp_notify hwp_act_window hwp_epp hwp_pkg_req avx512vbmi umip pku ospke avx512_vbmi2 gfni vaes vpclmulqdq avx512_vnni avx512_bitalg avx512_vpopcntdq md_clear spec_ctrl intel_stibp flush_l1d arch_capabilities
bogomips	: 4992.00
clflush size	: 64
cache_alignment	: 64
address sizes	: 39 bits physical, 48 bits virtual
power management:

processor	: 14
vendor_id	: GenuineIntel
cpu family	: 6
model		: 167
model name	: 11th Gen Intel(R) Core(TM) i9-11900 @ 2.50GHz
stepping	: 1
microcode	: 0x59
cpu MHz		: 4047.393
cache size	: 16384 KB
physical id	: 0
siblings	: 16
core id		: 6
cpu cores	: 8
apicid		: 13
initial apicid	: 13
fpu		: yes
fpu_exception	: yes
cpuid level	: 27
wp		: yes
flags		: fpu vme de pse tsc msr pae mce cx8 apic sep mtrr pge mca cmov pat pse36 clflush dts acpi mmx fxsr sse sse2 ss ht tm pbe syscall nx pdpe1gb rdtscp lm constant_tsc art arch_perfmon pebs bts rep_good nopl xtopology nonstop_tsc aperfmperf eagerfpu pni pclmulqdq dtes64 monitor ds_cpl vmx smx est tm2 ssse3 sdbg fma cx16 xtpr pdcm pcid sse4_1 sse4_2 x2apic movbe popcnt tsc_deadline_timer aes xsave avx f16c rdrand lahf_lm abm 3dnowprefetch epb invpcid_single ssbd rsb_ctxsw ibrs ibpb stibp ibrs_enhanced tpr_shadow vnmi flexpriority ept vpid fsgsbase tsc_adjust bmi1 avx2 smep bmi2 erms invpcid mpx avx512f avx512dq rdseed adx smap avx512ifma clflushopt intel_pt avx512cd sha_ni avx512bw avx512vl xsaveopt xsavec xgetbv1 dtherm ida arat pln pts hwp hwp_notify hwp_act_window hwp_epp hwp_pkg_req avx512vbmi umip pku ospke avx512_vbmi2 gfni vaes vpclmulqdq avx512_vnni avx512_bitalg avx512_vpopcntdq md_clear spec_ctrl intel_stibp flush_l1d arch_capabilities
bogomips	: 4992.00
clflush size	: 64
cache_alignment	: 64
address sizes	: 39 bits physical, 48 bits virtual
power management:

processor	: 15
vendor_id	: GenuineIntel
cpu family	: 6
model		: 167
model name	: 11th Gen Intel(R) Core(TM) i9-11900 @ 2.50GHz
stepping	: 1
microcode	: 0x59
cpu MHz		: 4582.061
cache size	: 16384 KB
physical id	: 0
siblings	: 16
core id		: 7
cpu cores	: 8
apicid		: 15
initial apicid	: 15
fpu		: yes
fpu_exception	: yes
cpuid level	: 27
wp		: yes
flags		: fpu vme de pse tsc msr pae mce cx8 apic sep mtrr pge mca cmov pat pse36 clflush dts acpi mmx fxsr sse sse2 ss ht tm pbe syscall nx pdpe1gb rdtscp lm constant_tsc art arch_perfmon pebs bts rep_good nopl xtopology nonstop_tsc aperfmperf eagerfpu pni pclmulqdq dtes64 monitor ds_cpl vmx smx est tm2 ssse3 sdbg fma cx16 xtpr pdcm pcid sse4_1 sse4_2 x2apic movbe popcnt tsc_deadline_timer aes xsave avx f16c rdrand lahf_lm abm 3dnowprefetch epb invpcid_single ssbd rsb_ctxsw ibrs ibpb stibp ibrs_enhanced tpr_shadow vnmi flexpriority ept vpid fsgsbase tsc_adjust bmi1 avx2 smep bmi2 erms invpcid mpx avx512f avx512dq rdseed adx smap avx512ifma clflushopt intel_pt avx512cd sha_ni avx512bw avx512vl xsaveopt xsavec xgetbv1 dtherm ida arat pln pts hwp hwp_notify hwp_act_window hwp_epp hwp_pkg_req avx512vbmi umip pku ospke avx512_vbmi2 gfni vaes vpclmulqdq avx512_vnni avx512_bitalg avx512_vpopcntdq md_clear spec_ctrl intel_stibp flush_l1d arch_capabilities
bogomips	: 4992.00
clflush size	: 64
cache_alignment	: 64
address sizes	: 39 bits physical, 48 bits virtual
power management:



Memory: 4k page, physical 65695408k(55291404k free), swap 2097148k(2097148k free)

vm_info: OpenJDK 64-Bit Server VM (25.382-b05) for linux-amd64 JRE (1.8.0_382-b05), built on Aug 11 2023 14:25:59 by "mockbuild" with gcc 4.8.5 20150623 (Red Hat 4.8.5-44)

time: Mon Oct 23 14:10:28 2023
timezone: PDT
elapsed time: 0.026035 seconds (0d 0h 0m 0s)

